1680108631484	geckodriver	INFO	Listening on 127.0.0.1:55694
1680108634556	mozrunner::runner	INFO	Running command: "C:\\Program Files\\Mozilla Firefox\\firefox.exe" "--marionette" "--headless" "--remote-debugging-port" "55695" "-no-remote" "-profile" "C:\\Users\\Jackson\\AppData\\Local\\Temp\\rust_mozprofileu6Qa3k"
*** You are running in headless mode.
console.warn: services.settings: Ignoring preference override of remote settings server
console.warn: services.settings: Allow by setting MOZ_REMOTE_SETTINGS_DEVTOOLS=1 in the environment
1680108634888	Marionette	INFO	Marionette enabled
Dynamically enable window occlusion 0
1680108634892	Marionette	INFO	Listening on port 55701
WebDriver BiDi listening on ws://127.0.0.1:55695
1680108635103	RemoteAgent	WARN	TLS certificate errors will be ignored for this session
[GFX1-]: RenderCompositorSWGL failed mapping default framebuffer, no dt
console.warn: SearchSettings: "get: No settings file exists, new profile?" (new NotFoundError("Could not open the file at C:\\Users\\Jackson\\AppData\\Local\\Temp\\rust_mozprofileu6Qa3k\\search.json.mozlz4", (void 0)))
console.error: ({})
DevTools listening on ws://127.0.0.1:55695/devtools/browser/b24c9f95-c539-4417-8211-80e65bd25616
1680108716372	geckodriver	INFO	Listening on 127.0.0.1:55839
1680108719441	mozrunner::runner	INFO	Running command: "C:\\Program Files\\Mozilla Firefox\\firefox.exe" "--marionette" "--headless" "--remote-debugging-port" "55840" "-no-remote" "-profile" "C:\\Users\\Jackson\\AppData\\Local\\Temp\\rust_mozprofileGpQXWU"
*** You are running in headless mode.
console.warn: services.settings: Ignoring preference override of remote settings server
console.warn: services.settings: Allow by setting MOZ_REMOTE_SETTINGS_DEVTOOLS=1 in the environment
1680108719728	Marionette	INFO	Marionette enabled
Dynamically enable window occlusion 0
1680108719731	Marionette	INFO	Listening on port 55846
WebDriver BiDi listening on ws://127.0.0.1:55840
1680108720070	RemoteAgent	WARN	TLS certificate errors will be ignored for this session
[GFX1-]: RenderCompositorSWGL failed mapping default framebuffer, no dt
console.warn: SearchSettings: "get: No settings file exists, new profile?" (new NotFoundError("Could not open the file at C:\\Users\\Jackson\\AppData\\Local\\Temp\\rust_mozprofileGpQXWU\\search.json.mozlz4", (void 0)))
console.error: ({})
DevTools listening on ws://127.0.0.1:55840/devtools/browser/08e2cf84-aa54-439d-8f87-1f5d17262992
1680109202781	geckodriver	INFO	Listening on 127.0.0.1:63030
1680109205838	mozrunner::runner	INFO	Running command: "C:\\Program Files\\Mozilla Firefox\\firefox.exe" "--marionette" "--headless" "--remote-debugging-port" "63031" "-no-remote" "-profile" "C:\\Users\\Jackson\\AppData\\Local\\Temp\\rust_mozprofileyGnaer"
*** You are running in headless mode.
console.warn: services.settings: Ignoring preference override of remote settings server
console.warn: services.settings: Allow by setting MOZ_REMOTE_SETTINGS_DEVTOOLS=1 in the environment
1680109206118	Marionette	INFO	Marionette enabled
Dynamically enable window occlusion 0
1680109206122	Marionette	INFO	Listening on port 63038
WebDriver BiDi listening on ws://127.0.0.1:63031
1680109206474	RemoteAgent	WARN	TLS certificate errors will be ignored for this session
[GFX1-]: RenderCompositorSWGL failed mapping default framebuffer, no dt
console.warn: SearchSettings: "get: No settings file exists, new profile?" (new NotFoundError("Could not open the file at C:\\Users\\Jackson\\AppData\\Local\\Temp\\rust_mozprofileyGnaer\\search.json.mozlz4", (void 0)))
console.error: ({})
DevTools listening on ws://127.0.0.1:63031/devtools/browser/b97e9b1e-710a-402e-8941-53c2d054534c
1680109435577	geckodriver	INFO	Listening on 127.0.0.1:51251
1680109438653	mozrunner::runner	INFO	Running command: "C:\\P1680109438685	mozrunner::runner	INFO	Running command: "C:\\Program Files\\Mozilla Firefox\\firefox.exe" "--marionette" "--headless" "--remote-debugging-port" "51255" "-no-remote" "-profile" "C:\\U*** You are running in headless mode.
console.warn: services.settings: Ignoring preference overridconsole.warn: services.settings: Ignoring preference override of remote settings server
console.warn: services.settings: Allow by1680109438990	Marionette	INFO	Marionette enabled
Dynamically enable window occlusion 0
1680109438997	Marionette	INFO	Listening on port 51271
WebDriver BiDi listening on ws://127.0.0.1:51252
1680109439234	RemoteAgent	WARN	TLS certificate errors will b1680109439236	RemoteAgent	WA[GFX1-]: RenderCompositorSWGL failed mapping default framebuffer, no dt
console.warn: SearchSettings: "get: No settings file exists,console.warn: SearchSettings: "get: No settings file exists, new profile?" (new NotFoundError("Could not open the file at C:\\Users\\Jackson\\AppData\\Local\\Teconsole.error: ({})
DevTools listening on ws://127.0.0.1:51console.error: ({})
DevTools listening on ws://127.0.0.1:51255/devtools/browser/35d1b027-7b04-4084-9e87-c6133f8eb465
1680109471809	geckodriver	INFO	Listening on 127.0.0.1:51526
1680109474880	mozrunner::runner	INFO	Running command: "C:\\Program Files\\Mozilla Firefox\\firefox.exe" "--marionette" "--headless" "--remote-debugging-port" "51527" "-no-remote" "-profile" "C:\\Users\\Jackson\\AppData\\Local\\Temp\\rust_mozprofileJeKLpM"
*** You are running in headless mode.
console.warn: services.settings: Ignoring preference override of remote settings server
console.warn: services.settings: Allow by setting MOZ_REMOTE_SETTINGS_DEVTOOLS=1 in the environment
1680109475166	Marionette	INFO	Marionette enabled
Dynamically enable window occlusion 0
1680109475169	Marionette	INFO	Listening on port 51534
WebDriver BiDi listening on ws://127.0.0.1:51527
1680109475514	RemoteAgent	WARN	TLS certificate errors will be ignored for this session
[GFX1-]: RenderCompositorSWGL failed mapping default framebuffer, no dt
console.warn: SearchSettings: "get: No settings file exists, new profile?" (new NotFoundError("Could not open the file at C:\\Users\\Jackson\\AppData\\Local\\Temp\\rust_mozprofileJeKLpM\\search.json.mozlz4", (void 0)))
console.error: ({})
DevTools listening on ws://127.0.0.1:51527/devtools/browser/bce50515-a5f0-4a33-8d31-b160af1a5722
1680109536973	geckodriver	INFO	Listening on 127.0.0.1:51873
1680109540028	mozrunner::runner	INFO	Running command: "C:\\Program Files\\Mozilla Firefox\\firefox.exe" "--marionette" "--headless" "--remote-debugging-port" "51874" "-no-remote" "-profile" "C:\\Users\\Jackson\\AppData\\Local\\Temp\\rust_mozprofileWHdpjk"
*** You are running in headless mode.
console.warn: services.settings: Ignoring preference override of remote settings server
console.warn: services.settings: Allow by setting MOZ_REMOTE_SETTINGS_DEVTOOLS=1 in the environment
1680109540317	Marionette	INFO	Marionette enabled
Dynamically enable window occlusion 0
1680109540321	Marionette	INFO	Listening on port 51879
WebDriver BiDi listening on ws://127.0.0.1:51874
1680109540663	RemoteAgent	WARN	TLS certificate errors will be ignored for this session
[GFX1-]: RenderCompositorSWGL failed mapping default framebuffer, no dt
console.warn: SearchSettings: "get: No settings file exists, new profile?" (new NotFoundError("Could not open the file at C:\\Users\\Jackson\\AppData\\Local\\Temp\\rust_mozprofileWHdpjk\\search.json.mozlz4", (void 0)))
console.error: ({})
DevTools listening on ws://127.0.0.1:51874/devtools/browser/82e81161-9a74-47d6-926d-fd12ff41f680
1680109942677	geckodriver	INFO	Listening on 127.0.0.1:52788
1680109945727	mozrunner::runner	INFO	Running command: "C:\\Program Files\\Mozilla Firefox\\firefox.exe" "--marionette" "--headless" "--remote-debugging-port" "52789" "-no-remote" "-profile" "C:\\Users\\Jackson\\AppData\\Local\\Temp\\rust_mozprofileVeJoZ8"
*** You are running in headless mode.
console.warn: services.settings: Ignoring preference override of remote settings server
console.warn: services.settings: Allow by setting MOZ_REMOTE_SETTINGS_DEVTOOLS=1 in the environment
1680109946074	Marionette	INFO	Marionette enabled
Dynamically enable window occlusion 0
1680109946078	Marionette	INFO	Listening on port 52802
WebDriver BiDi listening on ws://127.0.0.1:52789
1680109946309	RemoteAgent	WARN	TLS certificate errors will be ignored for this session
[GFX1-]: RenderCompositorSWGL failed mapping default framebuffer, no dt
console.warn: SearchSettings: "get: No settings file exists, new profile?" (new NotFoundError("Could not open the file at C:\\Users\\Jackson\\AppData\\Local\\Temp\\rust_mozprofileVeJoZ8\\search.json.mozlz4", (void 0)))
console.error: ({})
DevTools listening on ws://127.0.0.1:52789/devtools/browser/7f081ff5-eb3a-4fee-94c1-d3c625d9f000
JavaScript error: https://sync.1rx.io/usersync2/rmpssp?sub=taboola&redir=https%3A%2F%2Fsync.taboola.com%2Fsg%unrulyrtbhv-network%2Frtb-h%2F%3Ftaboola_hm%3D%5BRX_UUID%5Dhttp%3A%2F%2Ftrc.taboola.com%2Fsg%2Funrulyrtbhv-network%2F1%2Frtb-h%2F%3Ftaboola_hm%3D%24%7BBUYER_ID%7D, line 1: SyntaxError: illegal character U+0001
1680110065139	geckodriver	INFO	Listening on 127.0.0.1:53740
1680110068202	mozrunner::runner	INFO	Running command: "C:\\Program Files\\Mozilla Firefox\\firefox.exe" "--marionette" "--headless" "--remote-debugging-port" "53741" "-no-remote" "-profile" "C:\\Users\\Jackson\\AppData\\Local\\Temp\\rust_mozprofile9A8QkN"
*** You are running in headless mode.
console.warn: services.settings: Ignoring preference override of remote settings server
console.warn: services.settings: Allow by setting MOZ_REMOTE_SETTINGS_DEVTOOLS=1 in the environment
1680110068529	Marionette	INFO	Marionette enabled
Dynamically enable window occlusion 0
1680110068533	Marionette	INFO	Listening on port 53747
WebDriver BiDi listening on ws://127.0.0.1:53741
1680110068761	RemoteAgent	WARN	TLS certificate errors will be ignored for this session
[GFX1-]: RenderCompositorSWGL failed mapping default framebuffer, no dt
console.warn: SearchSettings: "get: No settings file exists, new profile?" (new NotFoundError("Could not open the file at C:\\Users\\Jackson\\AppData\\Local\\Temp\\rust_mozprofile9A8QkN\\search.json.mozlz4", (void 0)))
console.error: ({})
DevTools listening on ws://127.0.0.1:53741/devtools/browser/d2691d4f-a7f8-47d5-be73-c4d32c03d83f
1680110118695	geckodriver	INFO	Listening on 127.0.0.1:53926
1680110121777	mozrunner::runner	INFO	Running command: "C:\\Program Files\\Mozilla Firefox\\firefox.exe" "--marionette" "--headless" "--remote-debugging-port" "53927" "-no-remote" "-profile" "C:\\Users\\Jackson\\AppData\\Local\\Temp\\rust_mozprofileBxMa6K"
*** You are running in headless mode.
console.warn: services.settings: Ignoring preference override of remote settings server
console.warn: services.settings: Allow by setting MOZ_REMOTE_SETTINGS_DEVTOOLS=1 in the environment
1680110122065	Marionette	INFO	Marionette enabled
Dynamically enable window occlusion 0
1680110122069	Marionette	INFO	Listening on port 53933
WebDriver BiDi listening on ws://127.0.0.1:53927
1680110122421	RemoteAgent	WARN	TLS certificate errors will be ignored for this session
[GFX1-]: RenderCompositorSWGL failed mapping default framebuffer, no dt
console.warn: SearchSettings: "get: No settings file exists, new profile?" (new NotFoundError("Could not open the file at C:\\Users\\Jackson\\AppData\\Local\\Temp\\rust_mozprofileBxMa6K\\search.json.mozlz4", (void 0)))
console.error: ({})
DevTools listening on ws://127.0.0.1:53927/devtools/browser/a6c32978-7dc9-4703-a3e3-dd557b5a8ad1
JavaScript error: https://sync.1rx.io/usersync2/rmpssp?sub=taboola&redir=https%3A%2F%2Fsync.taboola.com%2Fsg%unrulyrtbhv-network%2Frtb-h%2F%3Ftaboola_hm%3D%5BRX_UUID%5Dhttp%3A%2F%2Ftrc.taboola.com%2Fsg%2Funrulyrtbhv-network%2F1%2Frtb-h%2F%3Ftaboola_hm%3D%24%7BBUYER_ID%7D, line 1: SyntaxError: illegal character U+0001
1680110445067	geckodriver	INFO	Listening on 127.0.0.1:54543
1680110448141	mozrunner::runner	INFO	Running command: "C:\\Program Files\\Mozilla Firefox\\firefox.exe" "--marionette" "--headless" "--remote-debugging-port" "54544" "-no-remote" "-profile" "C:\\Users\\Jackson\\AppData\\Local\\Temp\\rust_mozprofile63l3M7"
*** You are running in headless mode.
console.warn: services.settings: Ignoring preference override of remote settings server
console.warn: services.settings: Allow by setting MOZ_REMOTE_SETTINGS_DEVTOOLS=1 in the environment
1680110448472	Marionette	INFO	Marionette enabled
Dynamically enable window occlusion 0
1680110448475	Marionette	INFO	Listening on port 54554
WebDriver BiDi listening on ws://127.0.0.1:54544
1680110448690	RemoteAgent	WARN	TLS certificate errors will be ignored for this session
[GFX1-]: RenderCompositorSWGL failed mapping default framebuffer, no dt
console.warn: SearchSettings: "get: No settings file exists, new profile?" (new NotFoundError("Could not open the file at C:\\Users\\Jackson\\AppData\\Local\\Temp\\rust_mozprofile63l3M7\\search.json.mozlz4", (void 0)))
console.error: ({})
DevTools listening on ws://127.0.0.1:54544/devtools/browser/7d96e9bb-5129-4ae5-92c9-ef0bb2e8fa3d
1680110476894	geckodriver	INFO	Listening on 127.0.0.1:54816
1680110479969	mozrunner::runner	INFO	Running command: "C:\\Program Files\\Mozilla Firefox\\firefox.exe" "--marionette" "--headless" "--remote-debugging-port" "54817" "-no-remote" "-profile" "C:\\Users\\Jackson\\AppData\\Local\\Temp\\rust_mozprofileE0dhmv"
*** You are running in headless mode.
console.warn: services.settings: Ignoring preference override of remote settings server
console.warn: services.settings: Allow by setting MOZ_REMOTE_SETTINGS_DEVTOOLS=1 in the environment
1680110480313	Marionette	INFO	Marionette enabled
Dynamically enable window occlusion 0
1680110480317	Marionette	INFO	Listening on port 54850
WebDriver BiDi listening on ws://127.0.0.1:54817
1680110480533	RemoteAgent	WARN	TLS certificate errors will be ignored for this session
[GFX1-]: RenderCompositorSWGL failed mapping default framebuffer, no dt
console.warn: SearchSettings: "get: No settings file exists, new profile?" (new NotFoundError("Could not open the file at C:\\Users\\Jackson\\AppData\\Local\\Temp\\rust_mozprofileE0dhmv\\search.json.mozlz4", (void 0)))
console.error: ({})
DevTools listening on ws://127.0.0.1:54817/devtools/browser/fafc7065-67e0-40b7-a742-9402e1cd6445
JavaScript error: https://fiis.com.br/wp-content/themes/fiis/dist/single.min.js?ver=1678827032, line 44: Error: TypeError: t.incomes_by_year[0] is undefined
JavaScript error: https://fiis.com.br/wp-content/themes/fiis/dist/single.min.js?ver=1678827032, line 44: Error: TypeError: i[0] is undefined
JavaScript error: https://fiis.com.br/wp-content/themes/fiis/dist/single.min.js?ver=1678827032, line 44: Error: TypeError: n[0] is undefined
JavaScript error: https://fiis.com.br/wp-content/themes/fiis/dist/single.min.js?ver=1678827032, line 44: Error: TypeError: i[0] is undefined
JavaScript error: https://fiis.com.br/wp-content/themes/fiis/dist/single.min.js?ver=1678827032, line 44: Error: TypeError: n[0] is undefined
JavaScript error: https://fiis.com.br/wp-content/themes/fiis/dist/single.min.js?ver=1678827032, line 44: Error: TypeError: t.incomes_by_year[0] is undefined
JavaScript error: https://fiis.com.br/wp-content/themes/fiis/dist/single.min.js?ver=1678827032, line 44: Error: TypeError: n[0] is undefined
JavaScript error: https://fiis.com.br/wp-content/themes/fiis/dist/single.min.js?ver=1678827032, line 44: Error: TypeError: t.incomes_by_year[0] is undefined
JavaScript error: https://fiis.com.br/wp-content/themes/fiis/dist/single.min.js?ver=1678827032, line 44: Error: TypeError: i[0] is undefined
JavaScript error: https://fiis.com.br/wp-content/themes/fiis/dist/single.min.js?ver=1678827032, line 44: Error: TypeError: n[0] is undefined
JavaScript error: https://fiis.com.br/wp-content/themes/fiis/dist/single.min.js?ver=1678827032, line 44: Error: TypeError: n[0] is undefined
JavaScript error: https://fiis.com.br/wp-content/themes/fiis/dist/single.min.js?ver=1678827032, line 44: Error: TypeError: t.incomes_by_year[0] is undefined
JavaScript error: https://fiis.com.br/wp-content/themes/fiis/dist/single.min.js?ver=1678827032, line 44: Error: TypeError: n[0] is undefined
JavaScript error: https://fiis.com.br/wp-content/themes/fiis/dist/single.min.js?ver=1678827032, line 44: Error: TypeError: t.incomes_by_year[0] is undefined
JavaScript error: https://fiis.com.br/wp-content/themes/fiis/dist/single.min.js?ver=1678827032, line 44: Error: TypeError: n[0] is undefined
JavaScript error: https://fiis.com.br/wp-content/themes/fiis/dist/single.min.js?ver=1678827032, line 44: Error: TypeError: i[0] is undefined
JavaScript error: https://fiis.com.br/wp-content/themes/fiis/dist/single.min.js?ver=1678827032, line 44: Error: TypeError: t.incomes_by_year[0] is undefined
JavaScript error: https://fiis.com.br/wp-content/themes/fiis/dist/single.min.js?ver=1678827032, line 44: Error: TypeError: t.incomes_by_year[0] is undefined
JavaScript error: https://fiis.com.br/wp-content/themes/fiis/dist/single.min.js?ver=1678827032, line 44: Error: TypeError: i[0] is undefined
JavaScript error: https://fiis.com.br/wp-content/themes/fiis/dist/single.min.js?ver=1678827032, line 44: Error: TypeError: n[0] is undefined
JavaScript error: https://fiis.com.br/wp-content/themes/fiis/dist/single.min.js?ver=1678827032, line 44: Error: TypeError: i[0] is undefined
JavaScript error: https://fiis.com.br/wp-content/themes/fiis/dist/single.min.js?ver=1678827032, line 44: Error: TypeError: n[0] is undefined
JavaScript error: https://fiis.com.br/wp-content/themes/fiis/dist/single.min.js?ver=1678827032, line 44: Error: TypeError: t.incomes_by_year[0] is undefined
JavaScript error: https://fiis.com.br/wp-content/themes/fiis/dist/single.min.js?ver=1678827032, line 44: Error: TypeError: n[0] is undefined
JavaScript error: https://fiis.com.br/wp-content/themes/fiis/dist/single.min.js?ver=1678827032, line 44: Error: TypeError: i[0] is undefined
JavaScript error: https://fiis.com.br/wp-content/themes/fiis/dist/single.min.js?ver=1678827032, line 44: Error: TypeError: i[0] is undefined
JavaScript error: https://fiis.com.br/wp-content/themes/fiis/dist/single.min.js?ver=1678827032, line 44: Error: TypeError: n[0] is undefined
JavaScript error: https://fiis.com.br/wp-content/themes/fiis/dist/single.min.js?ver=1678827032, line 44: Error: TypeError: i[0] is undefined
JavaScript error: https://fiis.com.br/wp-content/themes/fiis/dist/single.min.js?ver=1678827032, line 44: Error: TypeError: n[0] is undefined
JavaScript error: https://fiis.com.br/wp-content/themes/fiis/dist/single.min.js?ver=1678827032, line 44: Error: TypeError: t.incomes_by_year[0] is undefined
JavaScript error: https://fiis.com.br/wp-content/themes/fiis/dist/single.min.js?ver=1678827032, line 44: Error: TypeError: i[0] is undefined
JavaScript error: https://fiis.com.br/wp-content/themes/fiis/dist/single.min.js?ver=1678827032, line 44: Error: TypeError: n[0] is undefined
JavaScript error: https://fiis.com.br/wp-content/themes/fiis/dist/single.min.js?ver=1678827032, line 44: Error: TypeError: t.incomes_by_year[0] is undefined
JavaScript error: https://fiis.com.br/wp-content/themes/fiis/dist/single.min.js?ver=1678827032, line 44: Error: TypeError: n[0] is undefined
JavaScript error: https://fiis.com.br/wp-content/themes/fiis/dist/single.min.js?ver=1678827032, line 44: Error: TypeError: i[0] is undefined
JavaScript error: https://fiis.com.br/wp-content/themes/fiis/dist/single.min.js?ver=1678827032, line 44: Error: TypeError: n[0] is undefined
JavaScript error: https://fiis.com.br/wp-content/themes/fiis/dist/single.min.js?ver=1678827032, line 44: Error: TypeError: t.incomes_by_year[0] is undefined
JavaScript error: https://fiis.com.br/wp-content/themes/fiis/dist/single.min.js?ver=1678827032, line 44: Error: TypeError: n[0] is undefined
JavaScript error: https://fiis.com.br/wp-content/themes/fiis/dist/single.min.js?ver=1678827032, line 44: Error: TypeError: t.incomes_by_year[0] is undefined
JavaScript error: https://fiis.com.br/wp-content/themes/fiis/dist/single.min.js?ver=1678827032, line 44: Error: TypeError: i[0] is undefined
JavaScript error: https://fiis.com.br/wp-content/themes/fiis/dist/single.min.js?ver=1678827032, line 44: Error: TypeError: i[0] is undefined
JavaScript error: https://fiis.com.br/wp-content/themes/fiis/dist/single.min.js?ver=1678827032, line 44: Error: TypeError: n[0] is undefined
JavaScript error: https://fiis.com.br/wp-content/themes/fiis/dist/single.min.js?ver=1678827032, line 44: Error: TypeError: i[0] is undefined
JavaScript error: https://fiis.com.br/wp-content/themes/fiis/dist/single.min.js?ver=1678827032, line 44: Error: TypeError: t.incomes_by_year[0] is undefined
JavaScript error: https://fiis.com.br/wp-content/themes/fiis/dist/single.min.js?ver=1678827032, line 44: Error: TypeError: n[0] is undefined
JavaScript error: https://fiis.com.br/wp-content/themes/fiis/dist/single.min.js?ver=1678827032, line 44: Error: TypeError: n[0] is undefined
JavaScript error: https://fiis.com.br/wp-content/themes/fiis/dist/single.min.js?ver=1678827032, line 44: Error: TypeError: i[0] is undefined
JavaScript error: https://fiis.com.br/wp-content/themes/fiis/dist/single.min.js?ver=1678827032, line 44: Error: TypeError: n[0] is undefined
JavaScript error: https://fiis.com.br/wp-content/themes/fiis/dist/single.min.js?ver=1678827032, line 44: Error: TypeError: t.incomes_by_year[0] is undefined
JavaScript error: https://fiis.com.br/wp-content/themes/fiis/dist/single.min.js?ver=1678827032, line 44: Error: TypeError: n[0] is undefined
JavaScript error: https://fiis.com.br/wp-content/themes/fiis/dist/single.min.js?ver=1678827032, line 44: Error: TypeError: n[0] is undefined
JavaScript error: https://fiis.com.br/wp-content/themes/fiis/dist/single.min.js?ver=1678827032, line 44: Error: TypeError: i[0] is undefined
JavaScript error: https://fiis.com.br/wp-content/themes/fiis/dist/single.min.js?ver=1678827032, line 44: Error: TypeError: n[0] is undefined
JavaScript error: https://fiis.com.br/wp-content/themes/fiis/dist/single.min.js?ver=1678827032, line 44: Error: TypeError: n[0] is undefined
JavaScript error: https://fiis.com.br/wp-content/themes/fiis/dist/single.min.js?ver=1678827032, line 44: Error: TypeError: i[0] is undefined
JavaScript error: https://fiis.com.br/wp-content/themes/fiis/dist/single.min.js?ver=1678827032, line 44: Error: TypeError: n[0] is undefined
JavaScript error: https://fiis.com.br/wp-content/themes/fiis/dist/single.min.js?ver=1678827032, line 44: Error: TypeError: i[0] is undefined
JavaScript error: https://fiis.com.br/wp-content/themes/fiis/dist/single.min.js?ver=1678827032, line 44: Error: TypeError: n[0] is undefined
JavaScript error: https://fiis.com.br/wp-content/themes/fiis/dist/single.min.js?ver=1678827032, line 44: Error: TypeError: i[0] is undefined
JavaScript error: https://fiis.com.br/wp-content/themes/fiis/dist/single.min.js?ver=1678827032, line 44: Error: TypeError: t.incomes_by_year[0] is undefined
1680110657605	Marionette	WARN	Ignoring event 'DOMContentLoaded' because document has an invalid readyState of 'complete'.
JavaScript error: https://fiis.com.br/wp-content/themes/fiis/dist/single.min.js?ver=1678827032, line 44: Error: TypeError: t.incomes_by_year[0] is undefined
1680110847253	geckodriver	INFO	Listening on 127.0.0.1:49988
1680110850328	mozrunner::runner	INFO	Running command: "C:\\Program Files\\Mozilla Firefox\\firefox.exe" "--marionette" "--headless" "--remote-debugging-port" "49989" "-no-remote" "-profile" "C:\\Users\\Jackson\\AppData\\Local\\Temp\\rust_mozprofileqJ8GWk"
*** You are running in headless mode.
console.warn: services.settings: Ignoring preference override of remote settings server
console.warn: services.settings: Allow by setting MOZ_REMOTE_SETTINGS_DEVTOOLS=1 in the environment
1680110850664	Marionette	INFO	Marionette enabled
Dynamically enable window occlusion 0
1680110850668	Marionette	INFO	Listening on port 49994
WebDriver BiDi listening on ws://127.0.0.1:49989
1680110850893	RemoteAgent	WARN	TLS certificate errors will be ignored for this session
[GFX1-]: RenderCompositorSWGL failed mapping default framebuffer, no dt
console.warn: SearchSettings: "get: No settings file exists, new profile?" (new NotFoundError("Could not open the file at C:\\Users\\Jackson\\AppData\\Local\\Temp\\rust_mozprofileqJ8GWk\\search.json.mozlz4", (void 0)))
console.error: ({})
DevTools listening on ws://127.0.0.1:49989/devtools/browser/eb9cb4eb-da9b-4dbf-9135-8999bb79f45a
JavaScript error: https://fiis.com.br/wp-content/themes/fiis/dist/single.min.js?ver=1678827032, line 44: Error: TypeError: i[0] is undefined
JavaScript error: https://fiis.com.br/wp-content/themes/fiis/dist/single.min.js?ver=1678827032, line 44: Error: TypeError: t.incomes_by_year[0] is undefined
JavaScript error: https://fiis.com.br/wp-content/themes/fiis/dist/single.min.js?ver=1678827032, line 44: Error: TypeError: n[0] is undefined
JavaScript error: https://sync.1rx.io/usersync2/rmpssp?sub=taboola&redir=https%3A%2F%2Fsync.taboola.com%2Fsg%unrulyrtbhv-network%2Frtb-h%2F%3Ftaboola_hm%3D%5BRX_UUID%5Dhttp%3A%2F%2Ftrc.taboola.com%2Fsg%2Funrulyrtbhv-network%2F1%2Frtb-h%2F%3Ftaboola_hm%3D%24%7BBUYER_ID%7D, line 1: SyntaxError: illegal character U+0001
JavaScript error: https://sync.1rx.io/usersync2/rmpssp?sub=taboola&redir=https%3A%2F%2Fsync.taboola.com%2Fsg%unrulyrtbhv-network%2Frtb-h%2F%3Ftaboola_hm%3D%5BRX_UUID%5Dhttp%3A%2F%2Ftrc.taboola.com%2Fsg%2Funrulyrtbhv-network%2F1%2Frtb-h%2F%3Ftaboola_hm%3D%24%7BBUYER_ID%7D, line 1: SyntaxError: illegal character U+0001
JavaScript error: , line 0: NotFoundError: Could not move source file(C:\Users\Jackson\AppData\Local\Temp\rust_mozprofileqJ8GWk\bookmarkbackups\bookmarks-2023-03-29.jsonlz4) because it does not exist
-debugging-port" "62691" "-no-remote" "-profile" "C:\\Users\\Jackson\\AppData\\Local\\Temp\\rust_mozprofileg5B3wT"
*** You are running in headless mode.
console.warn: services.settings: Ignoring preference override of remote settings server
console.warn: services.settings: Allow by setting MOZ_REMOTE_SETTINGS_DEVTOOLS=1 in the environment
1680111002256	Marionette	INFO	Marionette enabled
Dynamically enable window occlusion 0
1680111002260	Marionette	INFO	Listening on port 62698
WebDriver BiDi listening on ws://127.0.0.1:62691
1680111002603	RemoteAgent	WARN	TLS certificate errors will be ignored for this session
[GFX1-]: RenderCompositorSWGL failed mapping default framebuffer, no dt
console.warn: SearchSettings: "get: No settings file exists, new profile?" (new NotFoundError("Could not open the file at C:\\Users\\Jackson\\AppData\\Local\\Temp\\rust_mozprofileg5B3wT\\search.json.mozlz4", (void 0)))
console.error: ({})
DevTools listening on ws://127.0.0.1:62691/devtools/browser/64bc972f-589c-43d3-a3ff-a0db40de40d2
1680111009635	Marionette	WARN	Ignoring event 'DOMContentLoaded' because document has an invalid readyState of 'complete'.
JavaScript error: https://fiis.com.br/wp-content/themes/fiis/dist/single.min.js?ver=1678827032, line 44: Error: TypeError: i[0] is undefined
JavaScript error: https://fiis.com.br/wp-content/themes/fiis/dist/single.min.js?ver=1678827032, line 44: Error: TypeError: n[0] is undefined
JavaScript error: https://fiis.com.br/wp-content/themes/fiis/dist/single.min.js?ver=1678827032, line 44: Error: TypeError: t.incomes_by_year[0] is undefined
JavaScript error: https://sync.1rx.io/usersync2/rmpssp?sub=taboola&redir=https%3A%2F%2Fsync.taboola.com%2Fsg%unrulyrtbhv-network%2Frtb-h%2F%3Ftaboola_hm%3D%5BRX_UUID%5Dhttp%3A%2F%2Ftrc.taboola.com%2Fsg%2Funrulyrtbhv-network%2F1%2Frtb-h%2F%3Ftaboola_hm%3D%24%7BBUYER_ID%7D, line 1: SyntaxError: illegal character U+0001
1680111119281	geckodriver	INFO	Listening on 127.0.0.1:56206
1680111122358	mozrunner::runner	INFO	Running command: "C:\\Program Files\\Mozilla Firefox\\firefox.exe" "--marionette" "--headless" "--remote-debugging-port" "56207" "-no-remote" "-profile" "C:\\Users\\Jackson\\AppData\\Local\\Temp\\rust_mozprofilepTEQvw"
*** You are running in headless mode.
console.warn: services.settings: Ignoring preference override of remote settings server
console.warn: services.settings: Allow by setting MOZ_REMOTE_SETTINGS_DEVTOOLS=1 in the environment
1680111122658	Marionette	INFO	Marionette enabled
Dynamically enable window occlusion 0
1680111122662	Marionette	INFO	Listening on port 56216
WebDriver BiDi listening on ws://127.0.0.1:56207
1680111122925	RemoteAgent	WARN	TLS certificate errors will be ignored for this session
[GFX1-]: RenderCompositorSWGL failed mapping default framebuffer, no dt
console.warn: SearchSettings: "get: No settings file exists, new profile?" (new NotFoundError("Could not open the file at C:\\Users\\Jackson\\AppData\\Local\\Temp\\rust_mozprofilepTEQvw\\search.json.mozlz4", (void 0)))
console.error: ({})
DevTools listening on ws://127.0.0.1:56207/devtools/browser/092cbd6e-0b1f-48f6-b75c-a1786d3f676a
JavaScript error: https://cdn.taboola.com/libtrc/disqus-network/loader.js, line 34: TypeError: undefined is not a function
1680111146601	Marionette	WARN	Ignoring event 'DOMContentLoaded' because document has an invalid readyState of 'complete'.
JavaScript error: https://fiis.com.br/wp-content/themes/fiis/dist/single.min.js?ver=1678827032, line 44: Error: TypeError: i[0] is undefined
JavaScript error: https://fiis.com.br/wp-content/themes/fiis/dist/single.min.js?ver=1678827032, line 44: Error: TypeError: n[0] is undefined
JavaScript error: https://fiis.com.br/wp-content/themes/fiis/dist/single.min.js?ver=1678827032, line 44: Error: TypeError: t.incomes_by_year[0] is undefined
1680111338444	geckodriver	INFO	Listening on 127.0.0.1:56789
1680111341531	mozrunner::runner	INFO	Running command: "C:\\Program Files\\Mozilla Firefox\\firefox.exe" "--marionette" "--headless" "--remote-debugging-port" "56790" "-no-remote" "-profile" "C:\\Users\\Jackson\\AppData\\Local\\Temp\\rust_mozprofileu4c0fT"
*** You are running in headless mode.
console.warn: services.settings: Ignoring preference override of remote settings server
console.warn: services.settings: Allow by setting MOZ_REMOTE_SETTINGS_DEVTOOLS=1 in the environment
1680111341836	Marionette	INFO	Marionette enabled
Dynamically enable window occlusion 0
1680111341840	Marionette	INFO	Listening on port 56795
WebDriver BiDi listening on ws://127.0.0.1:56790
1680111342066	RemoteAgent	WARN	TLS certificate errors will be ignored for this session
[GFX1-]: RenderCompositorSWGL failed mapping default framebuffer, no dt
console.warn: SearchSettings: "get: No settings file exists, new profile?" (new NotFoundError("Could not open the file at C:\\Users\\Jackson\\AppData\\Local\\Temp\\rust_mozprofileu4c0fT\\search.json.mozlz4", (void 0)))
console.error: ({})
DevTools listening on ws://127.0.0.1:56790/devtools/browser/add69231-f902-498d-9b71-ae87aa3ad1dd
JavaScript error: https://fiis.com.br/wp-content/themes/fiis/dist/single.min.js?ver=1678827032, line 44: Error: TypeError: n[0] is undefined
JavaScript error: https://fiis.com.br/wp-content/themes/fiis/dist/single.min.js?ver=1678827032, line 44: Error: TypeError: t.incomes_by_year[0] is undefined
JavaScript error: https://fiis.com.br/wp-content/themes/fiis/dist/single.min.js?ver=1678827032, line 44: Error: TypeError: i[0] is undefined
JavaScript error: https://sync.1rx.io/usersync2/rmpssp?sub=taboola&redir=https%3A%2F%2Fsync.taboola.com%2Fsg%unrulyrtbhv-network%2Frtb-h%2F%3Ftaboola_hm%3D%5BRX_UUID%5Dhttp%3A%2F%2Ftrc.taboola.com%2Fsg%2Funrulyrtbhv-network%2F1%2Frtb-h%2F%3Ftaboola_hm%3D%24%7BBUYER_ID%7D, line 1: SyntaxError: illegal character U+0001
JavaScript error: , line 0: NotFoundError: Could not move source file(C:\Users\Jackson\AppData\Local\Temp\rust_mozprofileu4c0fT\bookmarkbackups\bookmarks-2023-03-29.jsonlz4) because it does not exist
-debugging-port" "54596" "-no-remote" "-profile" "C:\\Users\\Jackson\\AppData\\Local\\Temp\\rust_mozprofileDvmIKh"
*** You are running in headless mode.
console.warn: services.settings: Ignoring preference override of remote settings server
console.warn: services.settings: Allow by setting MOZ_REMOTE_SETTINGS_DEVTOOLS=1 in the environment
1680111401617	Marionette	INFO	Marionette enabled
Dynamically enable window occlusion 0
1680111401621	Marionette	INFO	Listening on port 54602
WebDriver BiDi listening on ws://127.0.0.1:54596
1680111401867	RemoteAgent	WARN	TLS certificate errors will be ignored for this session
[GFX1-]: RenderCompositorSWGL failed mapping default framebuffer, no dt
console.warn: SearchSettings: "get: No settings file exists, new profile?" (new NotFoundError("Could not open the file at C:\\Users\\Jackson\\AppData\\Local\\Temp\\rust_mozprofileDvmIKh\\search.json.mozlz4", (void 0)))
console.error: ({})
DevTools listening on ws://127.0.0.1:54596/devtools/browser/040f6a06-7d4a-4844-865f-189c5e030435
JavaScript error: https://fiis.com.br/wp-content/themes/fiis/dist/single.min.js?ver=1678827032, line 44: Error: TypeError: t.incomes_by_year[0] is undefined
JavaScript error: https://fiis.com.br/wp-content/themes/fiis/dist/single.min.js?ver=1678827032, line 44: Error: TypeError: i[0] is undefined
JavaScript error: https://fiis.com.br/wp-content/themes/fiis/dist/single.min.js?ver=1678827032, line 44: Error: TypeError: n[0] is undefined
JavaScript error: https://sync.1rx.io/usersync2/rmpssp?sub=taboola&redir=https%3A%2F%2Fsync.taboola.com%2Fsg%unrulyrtbhv-network%2Frtb-h%2F%3Ftaboola_hm%3D%5BRX_UUID%5Dhttp%3A%2F%2Ftrc.taboola.com%2Fsg%2Funrulyrtbhv-network%2F1%2Frtb-h%2F%3Ftaboola_hm%3D%24%7BBUYER_ID%7D, line 1: SyntaxError: illegal character U+0001
1680111535102	geckodriver	INFO	Listening on 127.0.0.1:55109
1680111538176	mozrunner::runner	INFO	Running command: "C:\\Program Files\\Mozilla Firefox\\firefox.exe" "--marionette" "--headless" "--remote-debugging-port" "55110" "-no-remote" "-profile" "C:\\Users\\Jackson\\AppData\\Local\\Temp\\rust_mozprofileR8B5Lf"
*** You are running in headless mode.
console.warn: services.settings: Ignoring preference override of remote settings server
console.warn: services.settings: Allow by setting MOZ_REMOTE_SETTINGS_DEVTOOLS=1 in the environment
1680111538534	Marionette	INFO	Marionette enabled
Dynamically enable window occlusion 0
1680111538538	Marionette	INFO	Listening on port 55119
WebDriver BiDi listening on ws://127.0.0.1:55110
1680111538760	RemoteAgent	WARN	TLS certificate errors will be ignored for this session
[GFX1-]: RenderCompositorSWGL failed mapping default framebuffer, no dt
console.warn: SearchSettings: "get: No settings file exists, new profile?" (new NotFoundError("Could not open the file at C:\\Users\\Jackson\\AppData\\Local\\Temp\\rust_mozprofileR8B5Lf\\search.json.mozlz4", (void 0)))
console.error: ({})
DevTools listening on ws://127.0.0.1:55110/devtools/browser/4e20d492-27cd-48f0-bbd5-f9fdd3069673
JavaScript error: https://cdn.taboola.com/libtrc/disqus-network/loader.js, line 44: TypeError: undefined is not a function
JavaScript error: https://cdn.taboola.com/libtrc/disqus-network/loader.js, line 44: TypeError: undefined is not a function
JavaScript error: https://cdn.taboola.com/libtrc/disqus-network/loader.js, line 44: TypeError: undefined is not a function
JavaScript error: https://fiis.com.br/wp-content/themes/fiis/dist/single.min.js?ver=1678827032, line 44: Error: TypeError: i[0] is undefined
JavaScript error: https://fiis.com.br/wp-content/themes/fiis/dist/single.min.js?ver=1678827032, line 44: Error: TypeError: n[0] is undefined
JavaScript error: https://fiis.com.br/wp-content/themes/fiis/dist/single.min.js?ver=1678827032, line 44: Error: TypeError: t.incomes_by_year[0] is undefined
1680111660333	geckodriver	INFO	Listening on 127.0.0.1:55565
1680111663397	mozrunner::runner	INFO	Running command: "C:\\Program Files\\Mozilla Firefox\\firefox.exe" "--marionette" "--headless" "--remote-debugging-port" "55566" "-no-remote" "-profile" "C:\\Users\\Jackson\\AppData\\Local\\Temp\\rust_mozprofileUesFNi"
*** You are running in headless mode.
console.warn: services.settings: Ignoring preference override of remote settings server
console.warn: services.settings: Allow by setting MOZ_REMOTE_SETTINGS_DEVTOOLS=1 in the environment
1680111663742	Marionette	INFO	Marionette enabled
Dynamically enable window occlusion 0
1680111663746	Marionette	INFO	Listening on port 55573
WebDriver BiDi listening on ws://127.0.0.1:55566
1680111663975	RemoteAgent	WARN	TLS certificate errors will be ignored for this session
[GFX1-]: RenderCompositorSWGL failed mapping default framebuffer, no dt
console.warn: SearchSettings: "get: No settings file exists, new profile?" (new NotFoundError("Could not open the file at C:\\Users\\Jackson\\AppData\\Local\\Temp\\rust_mozprofileUesFNi\\search.json.mozlz4", (void 0)))
console.error: ({})
DevTools listening on ws://127.0.0.1:55566/devtools/browser/4f20dd13-b535-4154-acb7-2f8cc28fbff7
JavaScript error: https://fiis.com.br/wp-content/themes/fiis/dist/single.min.js?ver=1678827032, line 44: Error: TypeError: i[0] is undefined
JavaScript error: https://fiis.com.br/wp-content/themes/fiis/dist/single.min.js?ver=1678827032, line 44: Error: TypeError: t.incomes_by_year[0] is undefined
JavaScript error: https://fiis.com.br/wp-content/themes/fiis/dist/single.min.js?ver=1678827032, line 44: Error: TypeError: n[0] is undefined
1680111742740	geckodriver	INFO	Listening on 127.0.0.1:53483
1680111745825	mozrunner::runner	INFO	Running command: "C:\\Program Files\\Mozilla Firefox\\firefox.exe" "--marionette" "--headless" "--remote-debugging-port" "53484" "-no-remote" "-profile" "C:\\Users\\Jackson\\AppData\\Local\\Temp\\rust_mozprofilepcMAe7"
*** You are running in headless mode.
console.warn: services.settings: Ignoring preference override of remote settings server
console.warn: services.settings: Allow by setting MOZ_REMOTE_SETTINGS_DEVTOOLS=1 in the environment
1680111746196	Marionette	INFO	Marionette enabled
Dynamically enable window occlusion 0
1680111746200	Marionette	INFO	Listening on port 53489
WebDriver BiDi listening on ws://127.0.0.1:53484
1680111746426	RemoteAgent	WARN	TLS certificate errors will be ignored for this session
[GFX1-]: RenderCompositorSWGL failed mapping default framebuffer, no dt
console.warn: SearchSettings: "get: No settings file exists, new profile?" (new NotFoundError("Could not open the file at C:\\Users\\Jackson\\AppData\\Local\\Temp\\rust_mozprofilepcMAe7\\search.json.mozlz4", (void 0)))
console.error: ({})
DevTools listening on ws://127.0.0.1:53484/devtools/browser/a89d65c7-2dd1-4e24-983a-11caa88c0a74
1680111768529	geckodriver	INFO	Listening on 127.0.0.1:53557
1680111771619	mozrunner::runner	INFO	Running command: "C:\\Program Files\\Mozilla Firefox\\firefox.exe" "--marionette" "--headless" "--remote-debugging-port" "53558" "-no-remote" "-profile" "C:\\Users\\Jackson\\AppData\\Local\\Temp\\rust_mozprofileI6RyCD"
*** You are running in headless mode.
console.warn: services.settings: Ignoring preference override of remote settings server
console.warn: services.settings: Allow by setting MOZ_REMOTE_SETTINGS_DEVTOOLS=1 in the environment
1680111771953	Marionette	INFO	Marionette enabled
Dynamically enable window occlusion 0
1680111771956	Marionette	INFO	Listening on port 53563
WebDriver BiDi listening on ws://127.0.0.1:53558
1680111772187	RemoteAgent	WARN	TLS certificate errors will be ignored for this session
[GFX1-]: RenderCompositorSWGL failed mapping default framebuffer, no dt
console.warn: SearchSettings: "get: No settings file exists, new profile?" (new NotFoundError("Could not open the file at C:\\Users\\Jackson\\AppData\\Local\\Temp\\rust_mozprofileI6RyCD\\search.json.mozlz4", (void 0)))
console.error: ({})
DevTools listening on ws://127.0.0.1:53558/devtools/browser/e87e17b3-acb7-4d51-ab02-141e7f0fef67
JavaScript error: https://cdn.taboola.com/libtrc/disqus-network/loader.js, line 44: TypeError: undefined is not a function
JavaScript error: https://fiis.com.br/wp-content/themes/fiis/dist/single.min.js?ver=1678827032, line 44: Error: TypeError: n[0] is undefined
JavaScript error: https://fiis.com.br/wp-content/themes/fiis/dist/single.min.js?ver=1678827032, line 44: Error: TypeError: i[0] is undefined
JavaScript error: https://fiis.com.br/wp-content/themes/fiis/dist/single.min.js?ver=1678827032, line 44: Error: TypeError: t.incomes_by_year[0] is undefined
1680111807529	geckodriver	INFO	Listening on 127.0.0.1:53914
1680111810603	mozrunner::runner	INFO	Running command: "C:\\Program Files\\Mozilla Firefox\\firefox.exe" "--marionette" "--headless" "--remote-debugging-port" "53915" "-no-remote" "-profile" "C:\\Users\\Jackson\\AppData\\Local\\Temp\\rust_mozprofilefH4JzD"
*** You are running in headless mode.
console.warn: services.settings: Ignoring preference override of remote settings server
console.warn: services.settings: Allow by setting MOZ_REMOTE_SETTINGS_DEVTOOLS=1 in the environment
1680111810928	Marionette	INFO	Marionette enabled
Dynamically enable window occlusion 0
1680111810932	Marionette	INFO	Listening on port 53923
WebDriver BiDi listening on ws://127.0.0.1:53915
1680111811177	RemoteAgent	WARN	TLS certificate errors will be ignored for this session
[GFX1-]: RenderCompositorSWGL failed mapping default framebuffer, no dt
console.warn: SearchSettings: "get: No settings file exists, new profile?" (new NotFoundError("Could not open the file at C:\\Users\\Jackson\\AppData\\Local\\Temp\\rust_mozprofilefH4JzD\\search.json.mozlz4", (void 0)))
console.error: ({})
DevTools listening on ws://127.0.0.1:53915/devtools/browser/31020328-6232-46bd-9ead-d67851a9848c
JavaScript error: https://cdn.taboola.com/libtrc/disqus-network/loader.js, line 44: TypeError: undefined is not a function
JavaScript error: https://fiis.com.br/wp-content/themes/fiis/dist/single.min.js?ver=1678827032, line 44: Error: TypeError: i[0] is undefined
JavaScript error: https://fiis.com.br/wp-content/themes/fiis/dist/single.min.js?ver=1678827032, line 44: Error: TypeError: t.incomes_by_year[0] is undefined
JavaScript error: https://fiis.com.br/wp-content/themes/fiis/dist/single.min.js?ver=1678827032, line 44: Error: TypeError: n[0] is undefined
JavaScript error: https://fiis.com.br/wp-content/themes/fiis/dist/single.min.js?ver=1678827032, line 44: Error: TypeError: n[0] is undefined
JavaScript error: https://fiis.com.br/wp-content/themes/fiis/dist/single.min.js?ver=1678827032, line 44: Error: TypeError: i[0] is undefined
JavaScript error: https://fiis.com.br/wp-content/themes/fiis/dist/single.min.js?ver=1678827032, line 44: Error: TypeError: t.incomes_by_year[0] is undefined
JavaScript error: https://fiis.com.br/wp-content/themes/fiis/dist/single.min.js?ver=1678827032, line 44: Error: TypeError: n[0] is undefined
JavaScript error: https://fiis.com.br/wp-content/themes/fiis/dist/single.min.js?ver=1678827032, line 44: Error: TypeError: i[0] is undefined
JavaScript error: https://fiis.com.br/wp-content/themes/fiis/dist/single.min.js?ver=1678827032, line 44: Error: TypeError: t.incomes_by_year[0] is undefined
JavaScript error: https://fiis.com.br/wp-content/themes/fiis/dist/single.min.js?ver=1678827032, line 44: Error: TypeError: n[0] is undefined
JavaScript error: https://fiis.com.br/wp-content/themes/fiis/dist/single.min.js?ver=1678827032, line 44: Error: TypeError: t.incomes_by_year[0] is undefined
JavaScript error: https://fiis.com.br/wp-content/themes/fiis/dist/single.min.js?ver=1678827032, line 44: Error: TypeError: n[0] is undefined
JavaScript error: https://fiis.com.br/wp-content/themes/fiis/dist/single.min.js?ver=1678827032, line 44: Error: TypeError: n[0] is undefined
JavaScript error: https://fiis.com.br/wp-content/themes/fiis/dist/single.min.js?ver=1678827032, line 44: Error: TypeError: t.incomes_by_year[0] is undefined
JavaScript error: https://fiis.com.br/wp-content/themes/fiis/dist/single.min.js?ver=1678827032, line 44: Error: TypeError: i[0] is undefined
JavaScript error: https://fiis.com.br/wp-content/themes/fiis/dist/single.min.js?ver=1678827032, line 44: Error: TypeError: n[0] is undefined
JavaScript error: https://fiis.com.br/wp-content/themes/fiis/dist/single.min.js?ver=1678827032, line 44: Error: TypeError: t.incomes_by_year[0] is undefined
JavaScript error: https://fiis.com.br/wp-content/themes/fiis/dist/single.min.js?ver=1678827032, line 44: Error: TypeError: n[0] is undefined
JavaScript error: https://fiis.com.br/wp-content/themes/fiis/dist/single.min.js?ver=1678827032, line 44: Error: TypeError: t.incomes_by_year[0] is undefined
JavaScript error: https://fiis.com.br/wp-content/themes/fiis/dist/single.min.js?ver=1678827032, line 44: Error: TypeError: i[0] is undefined
JavaScript error: https://fiis.com.br/wp-content/themes/fiis/dist/single.min.js?ver=1678827032, line 44: Error: TypeError: n[0] is undefined
JavaScript error: https://fiis.com.br/wp-content/themes/fiis/dist/single.min.js?ver=1678827032, line 44: Error: TypeError: t.incomes_by_year[0] is undefined
JavaScript error: https://fiis.com.br/wp-content/themes/fiis/dist/single.min.js?ver=1678827032, line 44: Error: TypeError: i[0] is undefined
1680111877203	geckodriver	INFO	Listening on 127.0.0.1:54428
1680111880274	mozrunner::runner	INFO	Running command: "C:\\Program Files\\Mozilla Firefox\\firefox.exe" "--marionette" "--headless" "--remote-debugging-port" "54429" "-no-remote" "-profile" "C:\\Users\\Jackson\\AppData\\Local\\Temp\\rust_mozprofileXtCZX0"
*** You are running in headless mode.
console.warn: services.settings: Ignoring preference override of remote settings server
console.warn: services.settings: Allow by setting MOZ_REMOTE_SETTINGS_DEVTOOLS=1 in the environment
1680111880646	Marionette	INFO	Marionette enabled
Dynamically enable window occlusion 0
1680111880650	Marionette	INFO	Listening on port 54435
WebDriver BiDi listening on ws://127.0.0.1:54429
1680111880886	RemoteAgent	WARN	TLS certificate errors will be ignored for this session
[GFX1-]: RenderCompositorSWGL failed mapping default framebuffer, no dt
console.warn: SearchSettings: "get: No settings file exists, new profile?" (new NotFoundError("Could not open the file at C:\\Users\\Jackson\\AppData\\Local\\Temp\\rust_mozprofileXtCZX0\\search.json.mozlz4", (void 0)))
console.error: ({})
DevTools listening on ws://127.0.0.1:54429/devtools/browser/22553767-fcf8-4d3d-bbf8-76ff1ce3a154
JavaScript error: https://cdn.taboola.com/libtrc/disqus-network/loader.js, line 44: TypeError: undefined is not a function
JavaScript error: https://fiis.com.br/wp-content/themes/fiis/dist/single.min.js?ver=1678827032, line 44: Error: TypeError: i[0] is undefined
JavaScript error: https://fiis.com.br/wp-content/themes/fiis/dist/single.min.js?ver=1678827032, line 44: Error: TypeError: t.incomes_by_year[0] is undefined
JavaScript error: https://fiis.com.br/wp-content/themes/fiis/dist/single.min.js?ver=1678827032, line 44: Error: TypeError: n[0] is undefined
1680111913062	Marionette	WARN	Ignoring event 'DOMContentLoaded' because document has an invalid readyState of 'complete'.
JavaScript error: https://fiis.com.br/wp-content/themes/fiis/dist/single.min.js?ver=1678827032, line 44: Error: TypeError: t.incomes_by_year[0] is undefined
JavaScript error: https://fiis.com.br/wp-content/themes/fiis/dist/single.min.js?ver=1678827032, line 44: Error: TypeError: i[0] is undefined
JavaScript error: https://fiis.com.br/wp-content/themes/fiis/dist/single.min.js?ver=1678827032, line 44: Error: TypeError: n[0] is undefined
JavaScript error: https://fiis.com.br/wp-content/themes/fiis/dist/single.min.js?ver=1678827032, line 44: Error: TypeError: t.incomes_by_year[0] is undefined
JavaScript error: https://fiis.com.br/wp-content/themes/fiis/dist/single.min.js?ver=1678827032, line 44: Error: TypeError: n[0] is undefined
JavaScript error: https://fiis.com.br/wp-content/themes/fiis/dist/single.min.js?ver=1678827032, line 44: Error: TypeError: i[0] is undefined
JavaScript error: https://fiis.com.br/wp-content/themes/fiis/dist/single.min.js?ver=1678827032, line 44: Error: TypeError: n[0] is undefined
JavaScript error: https://fiis.com.br/wp-content/themes/fiis/dist/single.min.js?ver=1678827032, line 44: Error: TypeError: n[0] is undefined
JavaScript error: https://fiis.com.br/wp-content/themes/fiis/dist/single.min.js?ver=1678827032, line 44: Error: TypeError: t.incomes_by_year[0] is undefined
JavaScript error: https://fiis.com.br/wp-content/themes/fiis/dist/single.min.js?ver=1678827032, line 44: Error: TypeError: n[0] is undefined
JavaScript error: https://fiis.com.br/wp-content/themes/fiis/dist/single.min.js?ver=1678827032, line 44: Error: TypeError: t.incomes_by_year[0] is undefined
JavaScript error: https://fiis.com.br/wp-content/themes/fiis/dist/single.min.js?ver=1678827032, line 44: Error: TypeError: i[0] is undefined
JavaScript error: https://fiis.com.br/wp-content/themes/fiis/dist/single.min.js?ver=1678827032, line 44: Error: TypeError: n[0] is undefined
JavaScript error: https://fiis.com.br/wp-content/themes/fiis/dist/single.min.js?ver=1678827032, line 44: Error: TypeError: t.incomes_by_year[0] is undefined
1680111963023	geckodriver	INFO	Listening on 127.0.0.1:56950
1680111966092	mozrunner::runner	INFO	Running command: "C:\\Program Files\\Mozilla Firefox\\firefox.exe" "--marionette" "--headless" "--remote-debugging-port" "56951" "-no-remote" "-profile" "C:\\Users\\Jackson\\AppData\\Local\\Temp\\rust_mozprofileY5uU0r"
*** You are running in headless mode.
console.warn: services.settings: Ignoring preference override of remote settings server
console.warn: services.settings: Allow by setting MOZ_REMOTE_SETTINGS_DEVTOOLS=1 in the environment
1680111966461	Marionette	INFO	Marionette enabled
Dynamically enable window occlusion 0
1680111966465	Marionette	INFO	Listening on port 56960
WebDriver BiDi listening on ws://127.0.0.1:56951
1680111966713	RemoteAgent	WARN	TLS certificate errors will be ignored for this session
[GFX1-]: RenderCompositorSWGL failed mapping default framebuffer, no dt
console.warn: SearchSettings: "get: No settings file exists, new profile?" (new NotFoundError("Could not open the file at C:\\Users\\Jackson\\AppData\\Local\\Temp\\rust_mozprofileY5uU0r\\search.json.mozlz4", (void 0)))
console.error: ({})
DevTools listening on ws://127.0.0.1:56951/devtools/browser/842d9630-1be0-43dd-a7df-520747f3d7b6
JavaScript error: https://fiis.com.br/wp-content/themes/fiis/dist/single.min.js?ver=1678827032, line 44: Error: TypeError: i[0] is undefined
JavaScript error: https://fiis.com.br/wp-content/themes/fiis/dist/single.min.js?ver=1678827032, line 44: Error: TypeError: t.incomes_by_year[0] is undefined
JavaScript error: https://fiis.com.br/wp-content/themes/fiis/dist/single.min.js?ver=1678827032, line 44: Error: TypeError: n[0] is undefined
JavaScript error: https://fiis.com.br/wp-content/themes/fiis/dist/single.min.js?ver=1678827032, line 44: Error: TypeError: i[0] is undefined
JavaScript error: https://fiis.com.br/wp-content/themes/fiis/dist/single.min.js?ver=1678827032, line 44: Error: TypeError: t.incomes_by_year[0] is undefined
JavaScript error: https://fiis.com.br/wp-content/themes/fiis/dist/single.min.js?ver=1678827032, line 44: Error: TypeError: n[0] is undefined
JavaScript error: https://fiis.com.br/wp-content/themes/fiis/dist/single.min.js?ver=1678827032, line 44: Error: TypeError: i[0] is undefined
JavaScript error: https://fiis.com.br/wp-content/themes/fiis/dist/single.min.js?ver=1678827032, line 44: Error: TypeError: t.incomes_by_year[0] is undefined
JavaScript error: https://fiis.com.br/wp-content/themes/fiis/dist/single.min.js?ver=1678827032, line 44: Error: TypeError: n[0] is undefined
JavaScript error: https://fiis.com.br/wp-content/themes/fiis/dist/single.min.js?ver=1678827032, line 44: Error: TypeError: n[0] is undefined
JavaScript error: https://fiis.com.br/wp-content/themes/fiis/dist/single.min.js?ver=1678827032, line 44: Error: TypeError: n[0] is undefined
JavaScript error: https://fiis.com.br/wp-content/themes/fiis/dist/single.min.js?ver=1678827032, line 44: Error: TypeError: t.incomes_by_year[0] is undefined
JavaScript error: https://fiis.com.br/wp-content/themes/fiis/dist/single.min.js?ver=1678827032, line 44: Error: TypeError: n[0] is undefined
JavaScript error: https://fiis.com.br/wp-content/themes/fiis/dist/single.min.js?ver=1678827032, line 44: Error: TypeError: t.incomes_by_year[0] is undefined
JavaScript error: https://fiis.com.br/wp-content/themes/fiis/dist/single.min.js?ver=1678827032, line 44: Error: TypeError: i[0] is undefined
JavaScript error: https://fiis.com.br/wp-content/themes/fiis/dist/single.min.js?ver=1678827032, line 44: Error: TypeError: n[0] is undefined
JavaScript error: https://fiis.com.br/wp-content/themes/fiis/dist/single.min.js?ver=1678827032, line 44: Error: TypeError: t.incomes_by_year[0] is undefined
JavaScript error: https://fiis.com.br/wp-content/themes/fiis/dist/single.min.js?ver=1678827032, line 44: Error: TypeError: i[0] is undefined
JavaScript error: https://fiis.com.br/wp-content/themes/fiis/dist/single.min.js?ver=1678827032, line 44: Error: TypeError: t.incomes_by_year[0] is undefined
JavaScript error: https://fiis.com.br/wp-content/themes/fiis/dist/single.min.js?ver=1678827032, line 44: Error: TypeError: n[0] is undefined
JavaScript error: https://fiis.com.br/wp-content/themes/fiis/dist/single.min.js?ver=1678827032, line 44: Error: TypeError: i[0] is undefined
JavaScript error: https://fiis.com.br/wp-content/themes/fiis/dist/single.min.js?ver=1678827032, line 44: Error: TypeError: t.incomes_by_year[0] is undefined
JavaScript error: https://fiis.com.br/wp-content/themes/fiis/dist/single.min.js?ver=1678827032, line 44: Error: TypeError: n[0] is undefined
JavaScript error: https://fiis.com.br/wp-content/themes/fiis/dist/single.min.js?ver=1678827032, line 44: Error: TypeError: i[0] is undefined
JavaScript error: https://fiis.com.br/wp-content/themes/fiis/dist/single.min.js?ver=1678827032, line 44: Error: TypeError: n[0] is undefined
JavaScript error: https://fiis.com.br/wp-content/themes/fiis/dist/single.min.js?ver=1678827032, line 44: Error: TypeError: i[0] is undefined
JavaScript error: https://fiis.com.br/wp-content/themes/fiis/dist/single.min.js?ver=1678827032, line 44: Error: TypeError: n[0] is undefined
JavaScript error: https://fiis.com.br/wp-content/themes/fiis/dist/single.min.js?ver=1678827032, line 44: Error: TypeError: t.incomes_by_year[0] is undefined
JavaScript error: https://fiis.com.br/wp-content/themes/fiis/dist/single.min.js?ver=1678827032, line 44: Error: TypeError: i[0] is undefined
JavaScript error: https://fiis.com.br/wp-content/themes/fiis/dist/single.min.js?ver=1678827032, line 44: Error: TypeError: n[0] is undefined
JavaScript error: https://fiis.com.br/wp-content/themes/fiis/dist/single.min.js?ver=1678827032, line 44: Error: TypeError: n[0] is undefined
JavaScript error: https://fiis.com.br/wp-content/themes/fiis/dist/single.min.js?ver=1678827032, line 44: Error: TypeError: i[0] is undefined
JavaScript error: https://fiis.com.br/wp-content/themes/fiis/dist/single.min.js?ver=1678827032, line 44: Error: TypeError: t.incomes_by_year[0] is undefined
JavaScript error: https://fiis.com.br/wp-content/themes/fiis/dist/single.min.js?ver=1678827032, line 44: Error: TypeError: n[0] is undefined
1680112318683	geckodriver	INFO	Listening on 127.0.0.1:53840
1680112321761	mozrunner::runner	INFO	Running command: "C:\\Program Files\\Mozilla Firefox\\firefox.exe" "--marionette" "--headless" "--remote-debugging-port" "53841" "-no-remote" "-profile" "C:\\Users\\Jackson\\AppData\\Local\\Temp\\rust_mozprofileEZOADq"
*** You are running in headless mode.
console.warn: services.settings: Ignoring preference override of remote settings server
console.warn: services.settings: Allow by setting MOZ_REMOTE_SETTINGS_DEVTOOLS=1 in the environment
1680112322150	Marionette	INFO	Marionette enabled
Dynamically enable window occlusion 0
1680112322156	Marionette	INFO	Listening on port 53847
WebDriver BiDi listening on ws://127.0.0.1:53841
1680112322402	RemoteAgent	WARN	TLS certificate errors will be ignored for this session
[GFX1-]: RenderCompositorSWGL failed mapping default framebuffer, no dt
console.warn: SearchSettings: "get: No settings file exists, new profile?" (new NotFoundError("Could not open the file at C:\\Users\\Jackson\\AppData\\Local\\Temp\\rust_mozprofileEZOADq\\search.json.mozlz4", (void 0)))
console.error: ({})
DevTools listening on ws://127.0.0.1:53841/devtools/browser/ecd79ab2-c7d8-4608-b009-b656d5df63b9
JavaScript error: https://fiis.com.br/wp-content/themes/fiis/dist/single.min.js?ver=1678827032, line 44: Error: TypeError: t.incomes_by_year[0] is undefined
JavaScript error: https://fiis.com.br/wp-content/themes/fiis/dist/single.min.js?ver=1678827032, line 44: Error: TypeError: i[0] is undefined
JavaScript error: https://fiis.com.br/wp-content/themes/fiis/dist/single.min.js?ver=1678827032, line 44: Error: TypeError: n[0] is undefined
JavaScript error: https://fiis.com.br/wp-content/themes/fiis/dist/single.min.js?ver=1678827032, line 44: Error: TypeError: n[0] is undefined
JavaScript error: https://fiis.com.br/wp-content/themes/fiis/dist/single.min.js?ver=1678827032, line 44: Error: TypeError: i[0] is undefined
JavaScript error: https://fiis.com.br/wp-content/themes/fiis/dist/single.min.js?ver=1678827032, line 44: Error: TypeError: t.incomes_by_year[0] is undefined
JavaScript error: https://fiis.com.br/wp-content/themes/fiis/dist/single.min.js?ver=1678827032, line 44: Error: TypeError: n[0] is undefined
JavaScript error: https://fiis.com.br/wp-content/themes/fiis/dist/single.min.js?ver=1678827032, line 44: Error: TypeError: i[0] is undefined
JavaScript error: https://fiis.com.br/wp-content/themes/fiis/dist/single.min.js?ver=1678827032, line 44: Error: TypeError: t.incomes_by_year[0] is undefined
JavaScript error: https://fiis.com.br/wp-content/themes/fiis/dist/single.min.js?ver=1678827032, line 44: Error: TypeError: n[0] is undefined
JavaScript error: https://fiis.com.br/wp-content/themes/fiis/dist/single.min.js?ver=1678827032, line 44: Error: TypeError: n[0] is undefined
JavaScript error: https://fiis.com.br/wp-content/themes/fiis/dist/single.min.js?ver=1678827032, line 44: Error: TypeError: t.incomes_by_year[0] is undefined
JavaScript error: https://fiis.com.br/wp-content/themes/fiis/dist/single.min.js?ver=1678827032, line 44: Error: TypeError: n[0] is undefined
JavaScript error: https://fiis.com.br/wp-content/themes/fiis/dist/single.min.js?ver=1678827032, line 44: Error: TypeError: t.incomes_by_year[0] is undefined
JavaScript error: https://fiis.com.br/wp-content/themes/fiis/dist/single.min.js?ver=1678827032, line 44: Error: TypeError: n[0] is undefined
JavaScript error: https://fiis.com.br/wp-content/themes/fiis/dist/single.min.js?ver=1678827032, line 44: Error: TypeError: i[0] is undefined
JavaScript error: https://fiis.com.br/wp-content/themes/fiis/dist/single.min.js?ver=1678827032, line 44: Error: TypeError: t.incomes_by_year[0] is undefined
JavaScript error: https://fiis.com.br/wp-content/themes/fiis/dist/single.min.js?ver=1678827032, line 44: Error: TypeError: t.incomes_by_year[0] is undefined
JavaScript error: https://fiis.com.br/wp-content/themes/fiis/dist/single.min.js?ver=1678827032, line 44: Error: TypeError: i[0] is undefined
JavaScript error: https://fiis.com.br/wp-content/themes/fiis/dist/single.min.js?ver=1678827032, line 44: Error: TypeError: n[0] is undefined
JavaScript error: https://fiis.com.br/wp-content/themes/fiis/dist/single.min.js?ver=1678827032, line 44: Error: TypeError: i[0] is undefined
JavaScript error: https://fiis.com.br/wp-content/themes/fiis/dist/single.min.js?ver=1678827032, line 44: Error: TypeError: n[0] is undefined
JavaScript error: https://fiis.com.br/wp-content/themes/fiis/dist/single.min.js?ver=1678827032, line 44: Error: TypeError: t.incomes_by_year[0] is undefined
JavaScript error: https://fiis.com.br/wp-content/themes/fiis/dist/single.min.js?ver=1678827032, line 44: Error: TypeError: i[0] is undefined
JavaScript error: https://fiis.com.br/wp-content/themes/fiis/dist/single.min.js?ver=1678827032, line 44: Error: TypeError: n[0] is undefined
JavaScript error: https://fiis.com.br/wp-content/themes/fiis/dist/single.min.js?ver=1678827032, line 44: Error: TypeError: n[0] is undefined
JavaScript error: https://fiis.com.br/wp-content/themes/fiis/dist/single.min.js?ver=1678827032, line 44: Error: TypeError: i[0] is undefined
JavaScript error: https://fiis.com.br/wp-content/themes/fiis/dist/single.min.js?ver=1678827032, line 44: Error: TypeError: i[0] is undefined
JavaScript error: https://fiis.com.br/wp-content/themes/fiis/dist/single.min.js?ver=1678827032, line 44: Error: TypeError: t.incomes_by_year[0] is undefined
JavaScript error: https://fiis.com.br/wp-content/themes/fiis/dist/single.min.js?ver=1678827032, line 44: Error: TypeError: n[0] is undefined
JavaScript error: https://vidstat.taboola.com/vpaid/units/32_6_5/infra/cmTagWIDGET_ITEM.js, line 1: TypeError: this.iframe.contentWindow is null
JavaScript error: https://fiis.com.br/wp-content/themes/fiis/dist/single.min.js?ver=1678827032, line 44: Error: TypeError: t.incomes_by_year[0] is undefined
JavaScript error: https://fiis.com.br/wp-content/themes/fiis/dist/single.min.js?ver=1678827032, line 44: Error: TypeError: i[0] is undefined
JavaScript error: https://fiis.com.br/wp-content/themes/fiis/dist/single.min.js?ver=1678827032, line 44: Error: TypeError: n[0] is undefined
JavaScript error: https://fiis.com.br/wp-content/themes/fiis/dist/single.min.js?ver=1678827032, line 44: Error: TypeError: n[0] is undefined
1680112691529	geckodriver	INFO	Listening on 127.0.0.1:64398
1680112694621	mozrunner::runner	INFO	Running command: "C:\\Program Files\\Mozilla Firefox\\firefox.exe" "--marionette" "--headless" "--remote-debugging-port" "64399" "-no-remote" "-profile" "C:\\Users\\Jackson\\AppData\\Local\\Temp\\rust_mozprofileovOjVL"
*** You are running in headless mode.
console.warn: services.settings: Ignoring preference override of remote settings server
console.warn: services.settings: Allow by setting MOZ_REMOTE_SETTINGS_DEVTOOLS=1 in the environment
1680112695030	Marionette	INFO	Marionette enabled
Dynamically enable window occlusion 0
1680112695034	Marionette	INFO	Listening on port 64404
WebDriver BiDi listening on ws://127.0.0.1:64399
1680112695277	RemoteAgent	WARN	TLS certificate errors will be ignored for this session
[GFX1-]: RenderCompositorSWGL failed mapping default framebuffer, no dt
console.warn: SearchSettings: "get: No settings file exists, new profile?" (new NotFoundError("Could not open the file at C:\\Users\\Jackson\\AppData\\Local\\Temp\\rust_mozprofileovOjVL\\search.json.mozlz4", (void 0)))
console.error: ({})
DevTools listening on ws://127.0.0.1:64399/devtools/browser/25934a6a-241d-40e4-8872-5df2716f3ee3
JavaScript error: https://fiis.com.br/wp-content/themes/fiis/dist/single.min.js?ver=1678827032, line 44: Error: TypeError: i[0] is undefined
JavaScript error: https://fiis.com.br/wp-content/themes/fiis/dist/single.min.js?ver=1678827032, line 44: Error: TypeError: n[0] is undefined
JavaScript error: https://fiis.com.br/wp-content/themes/fiis/dist/single.min.js?ver=1678827032, line 44: Error: TypeError: t.incomes_by_year[0] is undefined
JavaScript error: https://fiis.com.br/wp-content/themes/fiis/dist/single.min.js?ver=1678827032, line 44: Error: TypeError: i[0] is undefined
JavaScript error: https://fiis.com.br/wp-content/themes/fiis/dist/single.min.js?ver=1678827032, line 44: Error: TypeError: t.incomes_by_year[0] is undefined
JavaScript error: https://fiis.com.br/wp-content/themes/fiis/dist/single.min.js?ver=1678827032, line 44: Error: TypeError: n[0] is undefined
JavaScript error: https://fiis.com.br/wp-content/themes/fiis/dist/single.min.js?ver=1678827032, line 44: Error: TypeError: t.incomes_by_year[0] is undefined
JavaScript error: https://fiis.com.br/wp-content/themes/fiis/dist/single.min.js?ver=1678827032, line 44: Error: TypeError: n[0] is undefined
JavaScript error: https://fiis.com.br/wp-content/themes/fiis/dist/single.min.js?ver=1678827032, line 44: Error: TypeError: i[0] is undefined
JavaScript error: https://fiis.com.br/wp-content/themes/fiis/dist/single.min.js?ver=1678827032, line 44: Error: TypeError: n[0] is undefined
JavaScript error: https://fiis.com.br/wp-content/themes/fiis/dist/single.min.js?ver=1678827032, line 44: Error: TypeError: n[0] is undefined
JavaScript error: https://fiis.com.br/wp-content/themes/fiis/dist/single.min.js?ver=1678827032, line 44: Error: TypeError: t.incomes_by_year[0] is undefined
JavaScript error: https://fiis.com.br/wp-content/themes/fiis/dist/single.min.js?ver=1678827032, line 44: Error: TypeError: n[0] is undefined
JavaScript error: https://fiis.com.br/wp-content/themes/fiis/dist/single.min.js?ver=1678827032, line 44: Error: TypeError: t.incomes_by_year[0] is undefined
1680112744072	Marionette	WARN	Ignoring event 'DOMContentLoaded' because document has an invalid readyState of 'complete'.
JavaScript error: https://fiis.com.br/wp-content/themes/fiis/dist/single.min.js?ver=1678827032, line 44: Error: TypeError: n[0] is undefined
JavaScript error: https://fiis.com.br/wp-content/themes/fiis/dist/single.min.js?ver=1678827032, line 44: Error: TypeError: i[0] is undefined
JavaScript error: https://fiis.com.br/wp-content/themes/fiis/dist/single.min.js?ver=1678827032, line 44: Error: TypeError: t.incomes_by_year[0] is undefined
JavaScript error: https://fiis.com.br/wp-content/themes/fiis/dist/single.min.js?ver=1678827032, line 44: Error: TypeError: i[0] is undefined
JavaScript error: https://fiis.com.br/wp-content/themes/fiis/dist/single.min.js?ver=1678827032, line 44: Error: TypeError: n[0] is undefined
JavaScript error: https://fiis.com.br/wp-content/themes/fiis/dist/single.min.js?ver=1678827032, line 44: Error: TypeError: t.incomes_by_year[0] is undefined
JavaScript error: https://fiis.com.br/wp-content/themes/fiis/dist/single.min.js?ver=1678827032, line 44: Error: TypeError: n[0] is undefined
JavaScript error: https://fiis.com.br/wp-content/themes/fiis/dist/single.min.js?ver=1678827032, line 44: Error: TypeError: i[0] is undefined
JavaScript error: https://fiis.com.br/wp-content/themes/fiis/dist/single.min.js?ver=1678827032, line 44: Error: TypeError: t.incomes_by_year[0] is undefined
JavaScript error: https://fiis.com.br/wp-content/themes/fiis/dist/single.min.js?ver=1678827032, line 44: Error: TypeError: n[0] is undefined
JavaScript error: https://fiis.com.br/wp-content/themes/fiis/dist/single.min.js?ver=1678827032, line 44: Error: TypeError: i[0] is undefined
JavaScript error: https://fiis.com.br/wp-content/themes/fiis/dist/single.min.js?ver=1678827032, line 44: Error: TypeError: i[0] is undefined
JavaScript error: https://fiis.com.br/wp-content/themes/fiis/dist/single.min.js?ver=1678827032, line 44: Error: TypeError: n[0] is undefined
JavaScript error: https://fiis.com.br/wp-content/themes/fiis/dist/single.min.js?ver=1678827032, line 44: Error: TypeError: i[0] is undefined
JavaScript error: https://fiis.com.br/wp-content/themes/fiis/dist/single.min.js?ver=1678827032, line 44: Error: TypeError: n[0] is undefined
JavaScript error: https://fiis.com.br/wp-content/themes/fiis/dist/single.min.js?ver=1678827032, line 44: Error: TypeError: t.incomes_by_year[0] is undefined
JavaScript error: https://fiis.com.br/wp-content/themes/fiis/dist/single.min.js?ver=1678827032, line 44: Error: TypeError: i[0] is undefined
JavaScript error: https://fiis.com.br/wp-content/themes/fiis/dist/single.min.js?ver=1678827032, line 44: Error: TypeError: n[0] is undefined
JavaScript error: https://fiis.com.br/wp-content/themes/fiis/dist/single.min.js?ver=1678827032, line 44: Error: TypeError: t.incomes_by_year[0] is undefined
JavaScript error: https://fiis.com.br/wp-content/themes/fiis/dist/single.min.js?ver=1678827032, line 44: Error: TypeError: n[0] is undefined
1680112817491	geckodriver	INFO	Listening on 127.0.0.1:65028
1680112820548	mozrunner::runner	INFO	Running command: "C:\\Program Files\\Mozilla Firefox\\firefox.exe" "--marionette" "--headless" "--remote-debugging-port" "65029" "-no-remote" "-profile" "C:\\Users\\Jackson\\AppData\\Local\\Temp\\rust_mozprofileTBT1QZ"
*** You are running in headless mode.
console.warn: services.settings: Ignoring preference override of remote settings server
console.warn: services.settings: Allow by setting MOZ_REMOTE_SETTINGS_DEVTOOLS=1 in the environment
1680112820924	Marionette	INFO	Marionette enabled
Dynamically enable window occlusion 0
1680112820928	Marionette	INFO	Listening on port 65038
WebDriver BiDi listening on ws://127.0.0.1:65029
1680112821176	RemoteAgent	WARN	TLS certificate errors will be ignored for this session
[GFX1-]: RenderCompositorSWGL failed mapping default framebuffer, no dt
console.warn: SearchSettings: "get: No settings file exists, new profile?" (new NotFoundError("Could not open the file at C:\\Users\\Jackson\\AppData\\Local\\Temp\\rust_mozprofileTBT1QZ\\search.json.mozlz4", (void 0)))
console.error: ({})
DevTools listening on ws://127.0.0.1:65029/devtools/browser/c68c6dbf-def1-4c42-aacc-6ae6d23f9187
1680112833684	Marionette	WARN	Ignoring event 'DOMContentLoaded' because document has an invalid readyState of 'complete'.
JavaScript error: https://fiis.com.br/wp-content/themes/fiis/dist/single.min.js?ver=1678827032, line 44: Error: TypeError: i[0] is undefined
JavaScript error: https://fiis.com.br/wp-content/themes/fiis/dist/single.min.js?ver=1678827032, line 44: Error: TypeError: t.incomes_by_year[0] is undefined
JavaScript error: https://fiis.com.br/wp-content/themes/fiis/dist/single.min.js?ver=1678827032, line 44: Error: TypeError: n[0] is undefined
JavaScript error: https://fiis.com.br/wp-content/themes/fiis/dist/single.min.js?ver=1678827032, line 44: Error: TypeError: t.incomes_by_year[0] is undefined
JavaScript error: https://fiis.com.br/wp-content/themes/fiis/dist/single.min.js?ver=1678827032, line 44: Error: TypeError: n[0] is undefined
JavaScript error: https://fiis.com.br/wp-content/themes/fiis/dist/single.min.js?ver=1678827032, line 44: Error: TypeError: i[0] is undefined
JavaScript error: https://fiis.com.br/wp-content/themes/fiis/dist/single.min.js?ver=1678827032, line 44: Error: TypeError: n[0] is undefined
JavaScript error: https://fiis.com.br/wp-content/themes/fiis/dist/single.min.js?ver=1678827032, line 44: Error: TypeError: i[0] is undefined
JavaScript error: https://fiis.com.br/wp-content/themes/fiis/dist/single.min.js?ver=1678827032, line 44: Error: TypeError: t.incomes_by_year[0] is undefined
JavaScript error: https://fiis.com.br/wp-content/themes/fiis/dist/single.min.js?ver=1678827032, line 44: Error: TypeError: n[0] is undefined
JavaScript error: https://fiis.com.br/wp-content/themes/fiis/dist/single.min.js?ver=1678827032, line 44: Error: TypeError: t.incomes_by_year[0] is undefined
JavaScript error: https://fiis.com.br/wp-content/themes/fiis/dist/single.min.js?ver=1678827032, line 44: Error: TypeError: n[0] is undefined
JavaScript error: https://fiis.com.br/wp-content/themes/fiis/dist/single.min.js?ver=1678827032, line 44: Error: TypeError: n[0] is undefined
JavaScript error: https://fiis.com.br/wp-content/themes/fiis/dist/single.min.js?ver=1678827032, line 44: Error: TypeError: t.incomes_by_year[0] is undefined
JavaScript error: https://fiis.com.br/wp-content/themes/fiis/dist/single.min.js?ver=1678827032, line 44: Error: TypeError: i[0] is undefined
JavaScript error: https://fiis.com.br/wp-content/themes/fiis/dist/single.min.js?ver=1678827032, line 44: Error: TypeError: n[0] is undefined
JavaScript error: https://fiis.com.br/wp-content/themes/fiis/dist/single.min.js?ver=1678827032, line 44: Error: TypeError: t.incomes_by_year[0] is undefined
JavaScript error: https://fiis.com.br/wp-content/themes/fiis/dist/single.min.js?ver=1678827032, line 44: Error: TypeError: i[0] is undefined
JavaScript error: https://fiis.com.br/wp-content/themes/fiis/dist/single.min.js?ver=1678827032, line 44: Error: TypeError: t.incomes_by_year[0] is undefined
JavaScript error: https://fiis.com.br/wp-content/themes/fiis/dist/single.min.js?ver=1678827032, line 44: Error: TypeError: n[0] is undefined
JavaScript error: https://fiis.com.br/wp-content/themes/fiis/dist/single.min.js?ver=1678827032, line 44: Error: TypeError: t.incomes_by_year[0] is undefined
JavaScript error: https://fiis.com.br/wp-content/themes/fiis/dist/single.min.js?ver=1678827032, line 44: Error: TypeError: n[0] is undefined
JavaScript error: https://fiis.com.br/wp-content/themes/fiis/dist/single.min.js?ver=1678827032, line 44: Error: TypeError: i[0] is undefined
JavaScript error: https://fiis.com.br/wp-content/themes/fiis/dist/single.min.js?ver=1678827032, line 44: Error: TypeError: i[0] is undefined
JavaScript error: https://fiis.com.br/wp-content/themes/fiis/dist/single.min.js?ver=1678827032, line 44: Error: TypeError: n[0] is undefined
JavaScript error: https://fiis.com.br/wp-content/themes/fiis/dist/single.min.js?ver=1678827032, line 44: Error: TypeError: n[0] is undefined
JavaScript error: https://fiis.com.br/wp-content/themes/fiis/dist/single.min.js?ver=1678827032, line 44: Error: TypeError: i[0] is undefined
JavaScript error: https://fiis.com.br/wp-content/themes/fiis/dist/single.min.js?ver=1678827032, line 44: Error: TypeError: i[0] is undefined
JavaScript error: https://fiis.com.br/wp-content/themes/fiis/dist/single.min.js?ver=1678827032, line 44: Error: TypeError: n[0] is undefined
JavaScript error: https://fiis.com.br/wp-content/themes/fiis/dist/single.min.js?ver=1678827032, line 44: Error: TypeError: t.incomes_by_year[0] is undefined
JavaScript error: https://fiis.com.br/wp-content/themes/fiis/dist/single.min.js?ver=1678827032, line 44: Error: TypeError: i[0] is undefined
JavaScript error: https://fiis.com.br/wp-content/themes/fiis/dist/single.min.js?ver=1678827032, line 44: Error: TypeError: n[0] is undefined
JavaScript error: https://fiis.com.br/wp-content/themes/fiis/dist/single.min.js?ver=1678827032, line 44: Error: TypeError: t.incomes_by_year[0] is undefined
JavaScript error: https://fiis.com.br/wp-content/themes/fiis/dist/single.min.js?ver=1678827032, line 44: Error: TypeError: n[0] is undefined
